<?xml version="1.0" encoding="UTF-8"?>
<testsuite name="de.mindmatters.kennenlerntag.KennenlerntagApplicationTests" tests="1" skipped="0" failures="0" errors="0" timestamp="2021-06-16T13:12:42" hostname="gunnar-mm" time="0.968">
  <properties/>
  <testcase name="contextLoads()" classname="de.mindmatters.kennenlerntag.KennenlerntagApplicationTests" time="0.968"/>
  <system-out><![CDATA[15:12:31.729 [Test worker] DEBUG org.springframework.test.context.BootstrapUtils - Instantiating CacheAwareContextLoaderDelegate from class [org.springframework.test.context.cache.DefaultCacheAwareContextLoaderDelegate]
15:12:31.774 [Test worker] DEBUG org.springframework.test.context.BootstrapUtils - Instantiating BootstrapContext using constructor [public org.springframework.test.context.support.DefaultBootstrapContext(java.lang.Class,org.springframework.test.context.CacheAwareContextLoaderDelegate)]
15:12:31.951 [Test worker] DEBUG org.springframework.test.context.BootstrapUtils - Instantiating TestContextBootstrapper for test class [de.mindmatters.kennenlerntag.KennenlerntagApplicationTests] from class [org.springframework.boot.test.context.SpringBootTestContextBootstrapper]
15:12:31.992 [Test worker] INFO org.springframework.boot.test.context.SpringBootTestContextBootstrapper - Neither @ContextConfiguration nor @ContextHierarchy found for test class [de.mindmatters.kennenlerntag.KennenlerntagApplicationTests], using SpringBootContextLoader
15:12:32.005 [Test worker] DEBUG org.springframework.test.context.support.AbstractContextLoader - Did not detect default resource location for test class [de.mindmatters.kennenlerntag.KennenlerntagApplicationTests]: class path resource [de/mindmatters/kennenlerntag/KennenlerntagApplicationTests-context.xml] does not exist
15:12:32.007 [Test worker] DEBUG org.springframework.test.context.support.AbstractContextLoader - Did not detect default resource location for test class [de.mindmatters.kennenlerntag.KennenlerntagApplicationTests]: class path resource [de/mindmatters/kennenlerntag/KennenlerntagApplicationTestsContext.groovy] does not exist
15:12:32.009 [Test worker] INFO org.springframework.test.context.support.AbstractContextLoader - Could not detect default resource locations for test class [de.mindmatters.kennenlerntag.KennenlerntagApplicationTests]: no resource found for suffixes {-context.xml, Context.groovy}.
15:12:32.012 [Test worker] INFO org.springframework.test.context.support.AnnotationConfigContextLoaderUtils - Could not detect default configuration classes for test class [de.mindmatters.kennenlerntag.KennenlerntagApplicationTests]: KennenlerntagApplicationTests does not declare any static, non-private, non-final, nested classes annotated with @Configuration.
15:12:32.232 [Test worker] DEBUG org.springframework.test.context.support.ActiveProfilesUtils - Could not find an 'annotation declaring class' for annotation type [org.springframework.test.context.ActiveProfiles] and class [de.mindmatters.kennenlerntag.KennenlerntagApplicationTests]
15:12:32.429 [Test worker] DEBUG org.springframework.context.annotation.ClassPathScanningCandidateComponentProvider - Identified candidate component class: file [/home/gunnar/dev/mindmatters/KennenlernTagSpringBoot/kennenlerntag/build/classes/java/main/de/mindmatters/kennenlerntag/KennenlerntagApplication.class]
15:12:32.432 [Test worker] INFO org.springframework.boot.test.context.SpringBootTestContextBootstrapper - Found @SpringBootConfiguration de.mindmatters.kennenlerntag.KennenlerntagApplication for test class de.mindmatters.kennenlerntag.KennenlerntagApplicationTests
15:12:32.755 [Test worker] DEBUG org.springframework.boot.test.context.SpringBootTestContextBootstrapper - @TestExecutionListeners is not present for class [de.mindmatters.kennenlerntag.KennenlerntagApplicationTests]: using defaults.
15:12:32.757 [Test worker] INFO org.springframework.boot.test.context.SpringBootTestContextBootstrapper - Loaded default TestExecutionListener class names from location [META-INF/spring.factories]: [org.springframework.security.test.context.support.WithSecurityContextTestExecutionListener, org.springframework.security.test.context.support.ReactorContextTestExecutionListener, org.springframework.boot.test.autoconfigure.restdocs.RestDocsTestExecutionListener, org.springframework.boot.test.autoconfigure.web.client.MockRestServiceServerResetTestExecutionListener, org.springframework.boot.test.autoconfigure.web.servlet.MockMvcPrintOnlyOnFailureTestExecutionListener, org.springframework.boot.test.autoconfigure.web.servlet.WebDriverTestExecutionListener, org.springframework.boot.test.autoconfigure.webservices.client.MockWebServiceServerTestExecutionListener, org.springframework.boot.test.mock.mockito.MockitoTestExecutionListener, org.springframework.boot.test.mock.mockito.ResetMocksTestExecutionListener, org.springframework.test.context.web.ServletTestExecutionListener, org.springframework.test.context.support.DirtiesContextBeforeModesTestExecutionListener, org.springframework.test.context.event.ApplicationEventsTestExecutionListener, org.springframework.test.context.support.DependencyInjectionTestExecutionListener, org.springframework.test.context.support.DirtiesContextTestExecutionListener, org.springframework.test.context.transaction.TransactionalTestExecutionListener, org.springframework.test.context.jdbc.SqlScriptsTestExecutionListener, org.springframework.test.context.event.EventPublishingTestExecutionListener]
15:12:32.813 [Test worker] INFO org.springframework.boot.test.context.SpringBootTestContextBootstrapper - Using TestExecutionListeners: [org.springframework.test.context.web.ServletTestExecutionListener@6b1902bd, org.springframework.test.context.support.DirtiesContextBeforeModesTestExecutionListener@36a9cb80, org.springframework.test.context.event.ApplicationEventsTestExecutionListener@49b66541, org.springframework.boot.test.mock.mockito.MockitoTestExecutionListener@6cfefd07, org.springframework.boot.test.autoconfigure.SpringBootDependencyInjectionTestExecutionListener@4f5106cf, org.springframework.test.context.support.DirtiesContextTestExecutionListener@37dc316e, org.springframework.test.context.transaction.TransactionalTestExecutionListener@4dbac6b9, org.springframework.test.context.jdbc.SqlScriptsTestExecutionListener@56b70ccc, org.springframework.security.test.context.support.WithSecurityContextTestExecutionListener@11170fab, org.springframework.test.context.event.EventPublishingTestExecutionListener@47961ba6, org.springframework.security.test.context.support.ReactorContextTestExecutionListener@5c0282e3, org.springframework.boot.test.autoconfigure.restdocs.RestDocsTestExecutionListener@32bd24c3, org.springframework.boot.test.autoconfigure.web.client.MockRestServiceServerResetTestExecutionListener@1b7e0f68, org.springframework.boot.test.autoconfigure.web.servlet.MockMvcPrintOnlyOnFailureTestExecutionListener@6c426c8a, org.springframework.boot.test.autoconfigure.web.servlet.WebDriverTestExecutionListener@249fee7b, org.springframework.boot.test.autoconfigure.webservices.client.MockWebServiceServerTestExecutionListener@7f5f5d17, org.springframework.boot.test.mock.mockito.ResetMocksTestExecutionListener@14b108db]
15:12:32.823 [Test worker] DEBUG org.springframework.test.context.support.AbstractDirtiesContextTestExecutionListener - Before test class: context [DefaultTestContext@5d6d1f93 testClass = KennenlerntagApplicationTests, testInstance = [null], testMethod = [null], testException = [null], mergedContextConfiguration = [WebMergedContextConfiguration@7b84f5a7 testClass = KennenlerntagApplicationTests, locations = '{}', classes = '{class de.mindmatters.kennenlerntag.KennenlerntagApplication}', contextInitializerClasses = '[]', activeProfiles = '{}', propertySourceLocations = '{}', propertySourceProperties = '{org.springframework.boot.test.context.SpringBootTestContextBootstrapper=true}', contextCustomizers = set[org.springframework.boot.test.autoconfigure.actuate.metrics.MetricsExportContextCustomizerFactory$DisableMetricExportContextCustomizer@14c5b75e, org.springframework.boot.test.autoconfigure.properties.PropertyMappingContextCustomizer@0, org.springframework.boot.test.autoconfigure.web.servlet.WebDriverContextCustomizerFactory$Customizer@67e4e0c9, org.springframework.boot.test.context.filter.ExcludeFilterContextCustomizer@749cec04, org.springframework.boot.test.json.DuplicateJsonObjectContextCustomizerFactory$DuplicateJsonObjectContextCustomizer@3ac9c3ce, org.springframework.boot.test.mock.mockito.MockitoContextCustomizer@0, org.springframework.boot.test.web.client.TestRestTemplateContextCustomizer@1930937d, org.springframework.boot.test.context.SpringBootTestArgs@1, org.springframework.boot.test.context.SpringBootTestWebEnvironment@4923a13a], resourceBasePath = 'src/main/webapp', contextLoader = 'org.springframework.boot.test.context.SpringBootContextLoader', parent = [null]], attributes = map['org.springframework.test.context.web.ServletTestExecutionListener.activateListener' -> true]], class annotated with @DirtiesContext [false] with mode [null].
15:12:32.932 [Test worker] DEBUG org.springframework.test.context.support.TestPropertySourceUtils - Adding inlined properties to environment: {spring.jmx.enabled=false, org.springframework.boot.test.context.SpringBootTestContextBootstrapper=true}

  .   ____          _            __ _ _
 /\\ / ___'_ __ _ _(_)_ __  __ _ \ \ \ \
( ( )\___ | '_ | '_| | '_ \/ _` | \ \ \ \
 \\/  ___)| |_)| | | | | || (_| |  ) ) ) )
  '  |____| .__|_| |_|_| |_\__, | / / / /
 =========|_|==============|___/=/_/_/_/
 :: Spring Boot ::                (v2.5.1)

2021-06-16 15:12:34.069  INFO 60836 --- [    Test worker] d.m.k.KennenlerntagApplicationTests      : Starting KennenlerntagApplicationTests using Java 11.0.11 on gunnar-mm with PID 60836 (started by gunnar in /home/gunnar/dev/mindmatters/KennenlernTagSpringBoot/kennenlerntag)
2021-06-16 15:12:34.082  INFO 60836 --- [    Test worker] d.m.k.KennenlerntagApplicationTests      : No active profile set, falling back to default profiles: default
2021-06-16 15:12:40.177  INFO 60836 --- [    Test worker] com.zaxxer.hikari.HikariDataSource       : HikariPool-1 - Starting...
2021-06-16 15:12:40.789  INFO 60836 --- [    Test worker] com.zaxxer.hikari.HikariDataSource       : HikariPool-1 - Start completed.
2021-06-16 15:12:41.207  INFO 60836 --- [    Test worker] .s.s.UserDetailsServiceAutoConfiguration : 

Using generated security password: 88583080-f2f8-4643-a68f-fb2949ef8cbd

2021-06-16 15:12:41.979  INFO 60836 --- [    Test worker] o.s.s.web.DefaultSecurityFilterChain     : Will secure any request with [org.springframework.security.web.context.request.async.WebAsyncManagerIntegrationFilter@4c4f3bef, org.springframework.security.web.context.SecurityContextPersistenceFilter@1c6e72e8, org.springframework.security.web.header.HeaderWriterFilter@465b27f6, org.springframework.security.web.csrf.CsrfFilter@54b24370, org.springframework.security.web.authentication.logout.LogoutFilter@526e35, org.springframework.security.web.authentication.UsernamePasswordAuthenticationFilter@4eb5b2a9, org.springframework.security.web.authentication.ui.DefaultLoginPageGeneratingFilter@4d80fd0, org.springframework.security.web.authentication.ui.DefaultLogoutPageGeneratingFilter@465f0b4, org.springframework.security.web.authentication.www.BasicAuthenticationFilter@4cbb1ecf, org.springframework.security.web.savedrequest.RequestCacheAwareFilter@3fcdb26f, org.springframework.security.web.servletapi.SecurityContextHolderAwareRequestFilter@211a18c6, org.springframework.security.web.authentication.AnonymousAuthenticationFilter@10bcdb91, org.springframework.security.web.session.SessionManagementFilter@c1371fc, org.springframework.security.web.access.ExceptionTranslationFilter@39bbd1a, org.springframework.security.web.access.intercept.FilterSecurityInterceptor@5fafb382]
2021-06-16 15:12:42.421  INFO 60836 --- [    Test worker] d.m.k.KennenlerntagApplicationTests      : Started KennenlerntagApplicationTests in 9.458 seconds (JVM running for 14.345)
]]></system-out>
  <system-err><![CDATA[]]></system-err>
</testsuite>
